<?xml version="1.0" encoding="UTF-8"?>
<!-- Generated by org.testng.reporters.JUnitReportReporter -->
<testsuite hostname="DESKTOP-RTACN6A" failures="0" tests="1" name="testcases.Test_newplayer_creation" time="1.370" errors="0" timestamp="2020-01-31T02:10:28 IST" skipped="0">
  <testcase classname="testcases.Test_newplayer_creation" name="verifynewplayercreation" time="1.370"/>
</testsuite> <!-- testcases.Test_newplayer_creation -->
