<?xml version="1.0" encoding="UTF-8"?>
<!-- Generated by org.testng.reporters.JUnitReportReporter -->
<testsuite hostname="DESKTOP-RTACN6A" failures="0" tests="3" name="testcases.NewTest" time="0.030" errors="0" timestamp="2020-02-03T01:48:44 IST" skipped="0">
  <testcase classname="testcases.NewTest" name="f3" time="0.000"/>
  <testcase classname="testcases.NewTest" name="f2" time="0.015"/>
  <testcase classname="testcases.NewTest" name="f1" time="0.015"/>
</testsuite> <!-- testcases.NewTest -->
