<?xml version="1.0" encoding="UTF-8"?>
<!-- Generated by org.testng.reporters.JUnitReportReporter -->
<testsuite hostname="DESKTOP-RTACN6A" failures="0" tests="2" name="testcases.Test_Logintest" time="49.029" errors="0" timestamp="2020-02-16T13:24:38 IST" skipped="0">
  <testcase classname="testcases.Test_Logintest" name="logincheck" time="26.915"/>
  <testcase classname="testcases.Test_Logintest" name="logincheck" time="22.114"/>
</testsuite> <!-- testcases.Test_Logintest -->
