<?xml version="1.0" encoding="UTF-8"?>
<!-- Generated by org.testng.reporters.JUnitReportReporter -->
<testsuite skipped="1" hostname="gsche-e3108" name="testcases.Test_newplayer_creation" tests="2" failures="0" timestamp="2020-02-28T17:23:12 IST" time="28.173" errors="0">
  <testcase name="logincheck" time="28.173" classname="testcases.Test_newplayer_creation"/>
  <system-out/>
  <testcase name="verifyplayerlist" classname="testcases.Test_newplayer_creation">
    <skipped/>
  </testcase> <!-- verifyplayerlist -->
  <system-out/>
</testsuite> <!-- testcases.Test_newplayer_creation -->
