<?xml version="1.0" encoding="UTF-8"?>
<!-- Generated by org.testng.reporters.JUnitReportReporter -->
<testsuite hostname="DESKTOP-RTACN6A" failures="0" tests="3" name="testcases.Test_Myplayers" time="118.623" errors="0" timestamp="2020-07-05T14:56:44 IST" skipped="2">
  <testcase classname="testcases.Test_Myplayers" name="Manageplayer" time="118.623"/>
  <testcase classname="testcases.Test_Myplayers" name="Editplayer">
    <skipped/>
  </testcase> <!-- Editplayer -->
  <testcase classname="testcases.Test_Myplayers" name="Createplayer">
    <skipped/>
  </testcase> <!-- Createplayer -->
</testsuite> <!-- testcases.Test_Myplayers -->
