<?xml version="1.0" encoding="UTF-8"?>
<!-- Generated by org.testng.reporters.JUnitReportReporter -->
<testsuite skipped="0" hostname="gsche-e3108" name="testcases.Test_Logintest" tests="2" failures="0" timestamp="2020-02-17T13:41:37 IST" time="19.806" errors="0">
  <testcase name="logincheck" time="8.248" classname="testcases.Test_Logintest"/>
  <system-out/>
  <testcase name="logincheck" time="11.558" classname="testcases.Test_Logintest"/>
  <system-out/>
</testsuite> <!-- testcases.Test_Logintest -->
