<?xml version="1.0" encoding="UTF-8"?>
<!-- Generated by org.testng.reporters.JUnitReportReporter -->
<testsuite hostname="DESKTOP-RTACN6A" failures="0" tests="1" name="testcases.Test_newmedia_creation" time="112.793" errors="0" timestamp="2020-02-04T00:36:19 IST" skipped="0">
  <testcase classname="testcases.Test_newmedia_creation" name="newmediacreation" time="112.793"/>
</testsuite> <!-- testcases.Test_newmedia_creation -->
