<?xml version="1.0" encoding="UTF-8"?>
<!-- Generated by org.testng.reporters.JUnitReportReporter -->
<testsuite hostname="DESKTOP-RTACN6A" failures="0" tests="2" name="testcases.Test_newplayer_creation" time="34.902" errors="0" timestamp="2020-02-03T02:17:03 IST" skipped="1">
  <testcase classname="testcases.Test_newplayer_creation" name="verifyplayerlist" time="34.902"/>
  <testcase classname="testcases.Test_newplayer_creation" name="newplayercreation">
    <skipped/>
  </testcase> <!-- newplayercreation -->
</testsuite> <!-- testcases.Test_newplayer_creation -->
