<?xml version="1.0" encoding="UTF-8"?>
<!-- Generated by org.testng.reporters.JUnitReportReporter -->
<testsuite skipped="0" hostname="gsche-e3108" name="testcases.Test_newplayer_creation" tests="1" failures="0" timestamp="2020-01-31T19:40:08 IST" time="17.798" errors="0">
  <testcase name="newplayercreation" time="17.798" classname="testcases.Test_newplayer_creation"/>
  <system-out/>
</testsuite> <!-- testcases.Test_newplayer_creation -->
