<?xml version="1.0" encoding="UTF-8"?>
<!-- Generated by org.testng.reporters.JUnitReportReporter -->
<testsuite hostname="DESKTOP-RTACN6A" failures="0" tests="2" name="testcases.Test_Loginpage" time="53.862" errors="0" timestamp="2020-02-16T01:16:41 IST" skipped="0">
  <testcase classname="testcases.Test_Loginpage" name="calling" time="27.015"/>
  <testcase classname="testcases.Test_Loginpage" name="calling" time="26.847"/>
</testsuite> <!-- testcases.Test_Loginpage -->
