<?xml version="1.0" encoding="UTF-8"?>
<!-- Generated by org.testng.reporters.JUnitReportReporter -->
<testsuite hostname="DESKTOP-RTACN6A" failures="0" tests="2" name="testcases.Test_newplayer_creation" time="33.936" errors="0" timestamp="2020-02-16T16:11:27 IST" skipped="1">
  <testcase classname="testcases.Test_newplayer_creation" name="verifyplayerlist" time="33.936"/>
  <testcase classname="testcases.Test_newplayer_creation" name="newplayercreationtesting">
    <skipped/>
  </testcase> <!-- newplayercreationtesting -->
</testsuite> <!-- testcases.Test_newplayer_creation -->
