<?xml version="1.0" encoding="UTF-8"?>
<!-- Generated by org.testng.reporters.JUnitReportReporter -->
<testsuite skipped="1" hostname="DESKTOP-M4L0C1G" name="testcases.Test_newplayer_creation" tests="2" failures="0" timestamp="17 Feb 2020 13:59:20 GMT" time="12.094" errors="0">
  <testcase name="verifyplayerlist" time="12.094" classname="testcases.Test_newplayer_creation"/>
  <testcase name="newplayercreationtesting" classname="testcases.Test_newplayer_creation">
    <skipped/>
  </testcase> <!-- newplayercreationtesting -->
</testsuite> <!-- testcases.Test_newplayer_creation -->
