<?xml version="1.0" encoding="UTF-8"?>
<!-- Generated by org.testng.reporters.JUnitReportReporter -->
<testsuite hostname="DESKTOP-RTACN6A" failures="0" tests="1" name="testcases.NewTest" time="160.442" errors="0" timestamp="2020-03-23T21:20:30 IST" skipped="0">
  <testcase classname="testcases.NewTest" name="f" time="160.442"/>
</testsuite> <!-- testcases.NewTest -->
