<?xml version="1.0" encoding="UTF-8"?>
<!-- Generated by org.testng.reporters.JUnitReportReporter -->
<testsuite skipped="0" hostname="gsche-e3108" name="testcases.Test_newmedia_creation" tests="1" failures="0" timestamp="2020-02-03T20:36:20 IST" time="10.671" errors="0">
  <testcase name="newmediacreation" time="10.671" classname="testcases.Test_newmedia_creation"/>
  <system-out/>
</testsuite> <!-- testcases.Test_newmedia_creation -->
