<?xml version="1.0" encoding="UTF-8"?>
<!-- Generated by org.testng.reporters.JUnitReportReporter -->
<testsuite skipped="3" hostname="gsche-e3108" name="testcases.Test_newplayer_creation" tests="4" failures="0" timestamp="2020-03-05T12:11:48 IST" time="43.165" errors="0">
  <testcase name="Createplayer" time="43.165" classname="testcases.Test_newplayer_creation"/>
  <system-out/>
  <testcase name="Manageplayer" classname="testcases.Test_newplayer_creation">
    <skipped/>
  </testcase> <!-- Manageplayer -->
  <system-out/>
  <testcase name="Playerdetails" classname="testcases.Test_newplayer_creation">
    <skipped/>
  </testcase> <!-- Playerdetails -->
  <system-out/>
  <testcase name="Editplayer" classname="testcases.Test_newplayer_creation">
    <skipped/>
  </testcase> <!-- Editplayer -->
  <system-out/>
</testsuite> <!-- testcases.Test_newplayer_creation -->
