<?xml version="1.0" encoding="UTF-8"?>
<!-- Generated by org.testng.reporters.JUnitReportReporter -->
<testsuite skipped="1" hostname="gsche-e3108" name="testcases.Test_newplayer_creation" tests="2" failures="0" timestamp="2020-02-03T14:43:30 IST" time="11.415" errors="0">
  <testcase name="verifyplayerlist" time="11.415" classname="testcases.Test_newplayer_creation"/>
  <system-out/>
  <testcase name="newplayercreation" classname="testcases.Test_newplayer_creation">
    <skipped/>
  </testcase> <!-- newplayercreation -->
  <system-out/>
</testsuite> <!-- testcases.Test_newplayer_creation -->
