<?xml version="1.0" encoding="UTF-8"?>
<!-- Generated by org.testng.reporters.JUnitReportReporter -->
<testsuite hostname="DESKTOP-RTACN6A" failures="0" tests="2" name="testcases.Datadriventest" time="70.637" errors="0" timestamp="2020-02-16T01:06:12 IST" skipped="0">
  <testcase classname="testcases.Datadriventest" name="calling" time="36.024"/>
  <testcase classname="testcases.Datadriventest" name="calling" time="34.613"/>
</testsuite> <!-- testcases.Datadriventest -->
