<?xml version="1.0" encoding="UTF-8"?>
<!-- Generated by org.testng.reporters.JUnitReportReporter -->
<testsuite skipped="3" hostname="gsche-e3108" name="testcases.Test_Myplayers" tests="4" failures="0" timestamp="2020-03-05T14:35:01 IST" time="39.282" errors="0">
  <testcase name="Createplayer" time="39.282" classname="testcases.Test_Myplayers"/>
  <system-out/>
  <testcase name="Editplayer" classname="testcases.Test_Myplayers">
    <skipped/>
  </testcase> <!-- Editplayer -->
  <system-out/>
  <testcase name="Playerdetails" classname="testcases.Test_Myplayers">
    <skipped/>
  </testcase> <!-- Playerdetails -->
  <system-out/>
  <testcase name="Manageplayer" classname="testcases.Test_Myplayers">
    <skipped/>
  </testcase> <!-- Manageplayer -->
  <system-out/>
</testsuite> <!-- testcases.Test_Myplayers -->
