<?xml version="1.0" encoding="UTF-8"?>
<!-- Generated by org.testng.reporters.JUnitReportReporter -->
<testsuite hostname="DESKTOP-RTACN6A" failures="0" tests="2" name="testcases.Test_newplayer_creation" time="66.212" errors="0" timestamp="2020-02-15T14:33:42 IST" skipped="1">
  <testcase classname="testcases.Test_newplayer_creation" name="newplayercreationtesting" time="66.212"/>
  <testcase classname="testcases.Test_newplayer_creation" name="verifyplayerlist">
    <skipped/>
  </testcase> <!-- verifyplayerlist -->
</testsuite> <!-- testcases.Test_newplayer_creation -->
