<?xml version="1.0" encoding="UTF-8"?>
<!-- Generated by org.testng.reporters.JUnitReportReporter -->
<testsuite skipped="0" hostname="gsche-e3108" name="testcases.Test_newplayer_creation" tests="1" failures="0" timestamp="2020-02-19T12:58:47 IST" time="36.152" errors="0">
  <testcase name="logincheck" time="36.152" classname="testcases.Test_newplayer_creation"/>
  <system-out/>
</testsuite> <!-- testcases.Test_newplayer_creation -->
