<?xml version="1.0" encoding="UTF-8"?>
<!-- Generated by org.testng.reporters.JUnitReportReporter -->
<testsuite skipped="0" hostname="DESKTOP-M4L0C1G" name="testcases.Test_newmedia_creation" tests="1" failures="0" timestamp="17 Feb 2020 13:49:10 GMT" time="29.439" errors="0">
  <testcase name="newmediacreation" time="29.439" classname="testcases.Test_newmedia_creation"/>
</testsuite> <!-- testcases.Test_newmedia_creation -->
