<?xml version="1.0" encoding="UTF-8"?>
<!-- Generated by org.testng.reporters.JUnitReportReporter -->
<testsuite hostname="DESKTOP-RTACN6A" failures="0" tests="4" name="testcases.Test_Myplayers" time="70.053" errors="0" timestamp="2020-07-01T18:25:02 IST" skipped="3">
  <testcase classname="testcases.Test_Myplayers" name="Createplayer" time="70.053"/>
  <testcase classname="testcases.Test_Myplayers" name="Editplayer">
    <skipped/>
  </testcase> <!-- Editplayer -->
  <testcase classname="testcases.Test_Myplayers" name="Playerdetails">
    <skipped/>
  </testcase> <!-- Playerdetails -->
  <testcase classname="testcases.Test_Myplayers" name="Manageplayer">
    <skipped/>
  </testcase> <!-- Manageplayer -->
</testsuite> <!-- testcases.Test_Myplayers -->
