<?xml version="1.0" encoding="UTF-8"?>
<!-- Generated by org.testng.reporters.JUnitReportReporter -->
<testsuite hostname="DESKTOP-RTACN6A" failures="0" tests="3" name="testcases.Test_newplayer_creation" time="6.747" errors="0" timestamp="2020-03-01T16:54:04 IST" skipped="1">
  <testcase classname="testcases.Test_newplayer_creation" name="verifyplayerlist" time="3.446"/>
  <testcase classname="testcases.Test_newplayer_creation" name="verifymanageplayer" time="3.301"/>
  <testcase classname="testcases.Test_newplayer_creation" name="logincheck">
    <skipped/>
  </testcase> <!-- logincheck -->
</testsuite> <!-- testcases.Test_newplayer_creation -->
