<?xml version="1.0" encoding="UTF-8"?>
<!-- Generated by org.testng.reporters.JUnitReportReporter -->
<testsuite skipped="0" hostname="DESKTOP-M4L0C1G" name="testcases.Test_Logintest" tests="2" failures="0" timestamp="17 Feb 2020 13:57:38 GMT" time="29.787" errors="0">
  <testcase name="logincheck" time="15.839" classname="testcases.Test_Logintest"/>
  <testcase name="logincheck" time="13.948" classname="testcases.Test_Logintest"/>
</testsuite> <!-- testcases.Test_Logintest -->
