<?xml version="1.0" encoding="UTF-8"?>
<!-- Generated by org.testng.reporters.JUnitReportReporter -->
<testsuite hostname="DESKTOP-RTACN6A" failures="0" tests="1" name="testcases.Test_Layout" time="18.537" errors="0" timestamp="2020-06-11T18:14:59 IST" skipped="0">
  <testcase classname="testcases.Test_Layout" name="CreateFullscreenLayout" time="18.537"/>
</testsuite> <!-- testcases.Test_Layout -->
